<?xml version="1.0" encoding="UTF-8"?>
<testsuites name="harness" tests="3" failures="2" errors="0" skipped="0" time="4.020">
  <testsuite name="project-create" package="../scenarios/project-create.e2e.md" tests="3" failures="2" errors="0" skipped="0" time="4.020" timestamp="2026-09-11T19:36:25.813Z" hostname="harness">
    <properties>
      <property name="harness.runId" value="r_fttvannvtzn4m"/>
      <property name="harness.status" value="failed"/>
      <property name="harness.specPath" value="../scenarios/project-create.e2e.md"/>
      <property name="harness.contractHash" value="76cd363a17487c70374c26aeb09df3999240fec4621e1b7d6fbac5f0f7462ec8"/>
      <property name="harness.provider" value="scripted"/>
      <property name="harness.model" value="scripted-double"/>
      <property name="harness.adapter" value="scripted"/>
      <property name="harness.finalized" value="true"/>
      <property name="harness.actions.a1" value="8 actions / 25 indicatives"/>
      <property name="harness.artifacts.present" value="11"/>
      <property name="harness.artifacts.missing" value="0"/>
      <property name="harness.artifacts.failed" value="0"/>
    </properties>
    <testcase name="c1 — Le projet Projet r_fttvannvtzn4m apparaît dans la liste des projets après sa création." classname="project-create.model" time="0.000"/>
    <testcase name="c2 — Le projet Projet r_fttvannvtzn4m est toujours présent dans la liste des projets après un rechargement complet de la page." classname="project-create.model" time="0.000">
      <failure type="criterion-failed" message="status=failed — après rechargement, la liste rendue par le serveur ne contient plus le projet">critère: c2
statut réel: failed
méthode: model
évaluateur: double scripté déterministe (pas un jugement de modèle réel)
avertissement: évaluation textuelle probabiliste, ce n&#39;est pas une assertion déterministe
attente (texte gelé du contrat): Le projet Projet r_fttvannvtzn4m est toujours présent dans la liste des projets après un rechargement complet de la page.
attendu: Le projet Projet r_fttvannvtzn4m est toujours présent dans la liste des projets après un rechargement complet de la page.
observé: après rechargement, la liste rendue par le serveur ne contient plus le projet
limites: scripted test double — this is not a model judgement
branche d&#39;absence: established-at-checkpoint
preuves: art_1, art_2, art_3, art_4, art_5, art_6, art_7</failure>
    </testcase>
    <testcase name="c3 — Après ce rechargement, la liste affichée ne contient qu&#39;une seule entrée portant le nom Projet r_fttvannvtzn4m. Cette attente porte uniquement sur ce que la liste affiche : elle ne dit rien de c…" classname="project-create.model" time="0.000">
      <failure type="criterion-failed" message="status=failed — aucune entrée de ce nom n&#39;est visible après rechargement">critère: c3
statut réel: failed
méthode: model
évaluateur: double scripté déterministe (pas un jugement de modèle réel)
avertissement: évaluation textuelle probabiliste, ce n&#39;est pas une assertion déterministe
attente (texte gelé du contrat): Après ce rechargement, la liste affichée ne contient qu&#39;une seule entrée portant le nom Projet r_fttvannvtzn4m. Cette attente porte uniquement sur ce que la liste affiche : elle ne dit rien de ce qui est enregistré côté serveur, et une liste filtrée ou paginée ne permet pas d&#39;en déduire une unicité globale.
attendu: Après ce rechargement, la liste affichée ne contient qu&#39;une seule entrée portant le nom Projet r_fttvannvtzn4m. Cette attente porte uniquement sur ce que la liste affiche : elle ne dit rien de ce qui est enregistré côté serveur, et une liste filtrée ou paginée ne permet pas d&#39;en déduire une unicité globale.
observé: aucune entrée de ce nom n&#39;est visible après rechargement
limites: scripted test double — this is not a model judgement
branche d&#39;absence: established-at-checkpoint
preuves: art_1, art_2, art_3, art_4, art_5, art_6, art_7, art_8</failure>
    </testcase>
    <system-out>Convention JUnit du harness : un critère `failed` est un &lt;failure&gt; (le produit contredit l&#39;attente) ; `inconclusive`, `pending` et `error` sont des &lt;error&gt; (indéterminé ou technique) ; une annulation est un &lt;error&gt; au niveau du run. Aucun &lt;skipped&gt; n&#39;est émis : un résultat indéterminé ne doit jamais apparaître en vert.</system-out>
  </testsuite>
</testsuites>
